

Started GET "/" for 127.0.0.1 at 2015-02-15 13:22:34 -0800
Processing by Rails::WelcomeController#index as HTML
  Rendered /Users/jimi/.rbenv/versions/2.1.2/lib/ruby/gems/2.1.0/gems/railties-4.1.7/lib/rails/templates/rails/welcome/index.html.erb (2.5ms)
Completed 200 OK in 32ms (Views: 13.9ms | ActiveRecord: 0.0ms)


Started GET "/" for 127.0.0.1 at 2015-02-15 13:34:25 -0800
Processing by Rails::WelcomeController#index as HTML
  Rendered /Users/jimi/.rbenv/versions/2.1.2/lib/ruby/gems/2.1.0/gems/railties-4.1.7/lib/rails/templates/rails/welcome/index.html.erb (0.5ms)
Completed 200 OK in 12ms (Views: 8.2ms | ActiveRecord: 0.0ms)


Started GET "/" for 127.0.0.1 at 2015-02-15 13:39:35 -0800
Processing by Rails::WelcomeController#index as HTML
  Rendered /Users/jimi/.rbenv/versions/2.1.2/lib/ruby/gems/2.1.0/gems/railties-4.1.7/lib/rails/templates/rails/welcome/index.html.erb (0.1ms)
Completed 200 OK in 4ms (Views: 3.1ms | ActiveRecord: 0.0ms)


Started GET "/" for 127.0.0.1 at 2015-02-15 13:42:40 -0800
Processing by MainController#scrobbler as HTML
  Rendered main/scrobbler.html.erb within layouts/application (2.5ms)
Completed 200 OK in 2006ms (Views: 2004.6ms | ActiveRecord: 0.0ms)


Started GET "/assets/main.css?body=1" for 127.0.0.1 at 2015-02-15 13:42:42 -0800


Started GET "/assets/style.css?body=1" for 127.0.0.1 at 2015-02-15 13:42:42 -0800


Started GET "/assets/application.css?body=1" for 127.0.0.1 at 2015-02-15 13:42:42 -0800


Started GET "/assets/jquery.js?body=1" for 127.0.0.1 at 2015-02-15 13:42:42 -0800


Started GET "/assets/jquery_ujs.js?body=1" for 127.0.0.1 at 2015-02-15 13:42:42 -0800


Started GET "/assets/application.js?body=1" for 127.0.0.1 at 2015-02-15 13:42:43 -0800


Started GET "/assets/main.js?body=1" for 127.0.0.1 at 2015-02-15 13:42:43 -0800


Started GET "/assets/turbolinks.js?body=1" for 127.0.0.1 at 2015-02-15 13:42:43 -0800


Started GET "/app/assets/images/logo.png" for 127.0.0.1 at 2015-02-15 13:42:43 -0800

ActionController::RoutingError (No route matches [GET] "/app/assets/images/logo.png"):
  actionpack (4.1.7) lib/action_dispatch/middleware/debug_exceptions.rb:21:in `call'
  actionpack (4.1.7) lib/action_dispatch/middleware/show_exceptions.rb:30:in `call'
  railties (4.1.7) lib/rails/rack/logger.rb:38:in `call_app'
  railties (4.1.7) lib/rails/rack/logger.rb:20:in `block in call'
  activesupport (4.1.7) lib/active_support/tagged_logging.rb:68:in `block in tagged'
  activesupport (4.1.7) lib/active_support/tagged_logging.rb:26:in `tagged'
  activesupport (4.1.7) lib/active_support/tagged_logging.rb:68:in `tagged'
  railties (4.1.7) lib/rails/rack/logger.rb:20:in `call'
  actionpack (4.1.7) lib/action_dispatch/middleware/request_id.rb:21:in `call'
  rack (1.5.2) lib/rack/methodoverride.rb:21:in `call'
  rack (1.5.2) lib/rack/runtime.rb:17:in `call'
  activesupport (4.1.7) lib/active_support/cache/strategy/local_cache_middleware.rb:26:in `call'
  rack (1.5.2) lib/rack/lock.rb:17:in `call'
  actionpack (4.1.7) lib/action_dispatch/middleware/static.rb:84:in `call'
  rack (1.5.2) lib/rack/sendfile.rb:112:in `call'
  railties (4.1.7) lib/rails/engine.rb:514:in `call'
  railties (4.1.7) lib/rails/application.rb:144:in `call'
  rack (1.5.2) lib/rack/lock.rb:17:in `call'
  rack (1.5.2) lib/rack/content_length.rb:14:in `call'
  rack (1.5.2) lib/rack/handler/webrick.rb:60:in `service'
  /Users/jimi/.rbenv/versions/2.1.2/lib/ruby/2.1.0/webrick/httpserver.rb:138:in `service'
  /Users/jimi/.rbenv/versions/2.1.2/lib/ruby/2.1.0/webrick/httpserver.rb:94:in `run'
  /Users/jimi/.rbenv/versions/2.1.2/lib/ruby/2.1.0/webrick/server.rb:295:in `block in start_thread'


  Rendered /Users/jimi/.rbenv/versions/2.1.2/lib/ruby/gems/2.1.0/gems/actionpack-4.1.7/lib/action_dispatch/middleware/templates/rescues/_trace.html.erb (2.5ms)
  Rendered /Users/jimi/.rbenv/versions/2.1.2/lib/ruby/gems/2.1.0/gems/actionpack-4.1.7/lib/action_dispatch/middleware/templates/routes/_route.html.erb (1.6ms)
  Rendered /Users/jimi/.rbenv/versions/2.1.2/lib/ruby/gems/2.1.0/gems/actionpack-4.1.7/lib/action_dispatch/middleware/templates/routes/_table.html.erb (13.8ms)
  Rendered /Users/jimi/.rbenv/versions/2.1.2/lib/ruby/gems/2.1.0/gems/actionpack-4.1.7/lib/action_dispatch/middleware/templates/rescues/routing_error.html.erb within rescues/layout (51.8ms)


Started GET "/images/vinyl2.jpg" for 127.0.0.1 at 2015-02-15 13:42:43 -0800

ActionController::RoutingError (No route matches [GET] "/images/vinyl2.jpg"):
  actionpack (4.1.7) lib/action_dispatch/middleware/debug_exceptions.rb:21:in `call'
  actionpack (4.1.7) lib/action_dispatch/middleware/show_exceptions.rb:30:in `call'
  railties (4.1.7) lib/rails/rack/logger.rb:38:in `call_app'
  railties (4.1.7) lib/rails/rack/logger.rb:20:in `block in call'
  activesupport (4.1.7) lib/active_support/tagged_logging.rb:68:in `block in tagged'
  activesupport (4.1.7) lib/active_support/tagged_logging.rb:26:in `tagged'
  activesupport (4.1.7) lib/active_support/tagged_logging.rb:68:in `tagged'
  railties (4.1.7) lib/rails/rack/logger.rb:20:in `call'
  actionpack (4.1.7) lib/action_dispatch/middleware/request_id.rb:21:in `call'
  rack (1.5.2) lib/rack/methodoverride.rb:21:in `call'
  rack (1.5.2) lib/rack/runtime.rb:17:in `call'
  activesupport (4.1.7) lib/active_support/cache/strategy/local_cache_middleware.rb:26:in `call'
  rack (1.5.2) lib/rack/lock.rb:17:in `call'
  actionpack (4.1.7) lib/action_dispatch/middleware/static.rb:84:in `call'
  rack (1.5.2) lib/rack/sendfile.rb:112:in `call'
  railties (4.1.7) lib/rails/engine.rb:514:in `call'
  railties (4.1.7) lib/rails/application.rb:144:in `call'
  rack (1.5.2) lib/rack/lock.rb:17:in `call'
  rack (1.5.2) lib/rack/content_length.rb:14:in `call'
  rack (1.5.2) lib/rack/handler/webrick.rb:60:in `service'
  /Users/jimi/.rbenv/versions/2.1.2/lib/ruby/2.1.0/webrick/httpserver.rb:138:in `service'
  /Users/jimi/.rbenv/versions/2.1.2/lib/ruby/2.1.0/webrick/httpserver.rb:94:in `run'
  /Users/jimi/.rbenv/versions/2.1.2/lib/ruby/2.1.0/webrick/server.rb:295:in `block in start_thread'


  Rendered /Users/jimi/.rbenv/versions/2.1.2/lib/ruby/gems/2.1.0/gems/actionpack-4.1.7/lib/action_dispatch/middleware/templates/rescues/_trace.html.erb (2.2ms)
  Rendered /Users/jimi/.rbenv/versions/2.1.2/lib/ruby/gems/2.1.0/gems/actionpack-4.1.7/lib/action_dispatch/middleware/templates/routes/_route.html.erb (1.4ms)
  Rendered /Users/jimi/.rbenv/versions/2.1.2/lib/ruby/gems/2.1.0/gems/actionpack-4.1.7/lib/action_dispatch/middleware/templates/routes/_table.html.erb (2.0ms)
  Rendered /Users/jimi/.rbenv/versions/2.1.2/lib/ruby/gems/2.1.0/gems/actionpack-4.1.7/lib/action_dispatch/middleware/templates/rescues/routing_error.html.erb within rescues/layout (28.3ms)


Started GET "/" for 127.0.0.1 at 2015-02-15 13:43:00 -0800
Processing by MainController#scrobbler as HTML
  Rendered main/scrobbler.html.erb within layouts/application (0.1ms)
Completed 200 OK in 56ms (Views: 55.3ms | ActiveRecord: 0.0ms)


Started GET "/assets/main.js?body=1" for 127.0.0.1 at 2015-02-15 13:43:00 -0800


Started GET "/assets/main.css?body=1" for 127.0.0.1 at 2015-02-15 13:43:00 -0800


Started GET "/app/assets/images/logo.png" for 127.0.0.1 at 2015-02-15 13:43:00 -0800

ActionController::RoutingError (No route matches [GET] "/app/assets/images/logo.png"):
  actionpack (4.1.7) lib/action_dispatch/middleware/debug_exceptions.rb:21:in `call'
  actionpack (4.1.7) lib/action_dispatch/middleware/show_exceptions.rb:30:in `call'
  railties (4.1.7) lib/rails/rack/logger.rb:38:in `call_app'
  railties (4.1.7) lib/rails/rack/logger.rb:20:in `block in call'
  activesupport (4.1.7) lib/active_support/tagged_logging.rb:68:in `block in tagged'
  activesupport (4.1.7) lib/active_support/tagged_logging.rb:26:in `tagged'
  activesupport (4.1.7) lib/active_support/tagged_logging.rb:68:in `tagged'
  railties (4.1.7) lib/rails/rack/logger.rb:20:in `call'
  actionpack (4.1.7) lib/action_dispatch/middleware/request_id.rb:21:in `call'
  rack (1.5.2) lib/rack/methodoverride.rb:21:in `call'
  rack (1.5.2) lib/rack/runtime.rb:17:in `call'
  activesupport (4.1.7) lib/active_support/cache/strategy/local_cache_middleware.rb:26:in `call'
  rack (1.5.2) lib/rack/lock.rb:17:in `call'
  actionpack (4.1.7) lib/action_dispatch/middleware/static.rb:84:in `call'
  rack (1.5.2) lib/rack/sendfile.rb:112:in `call'
  railties (4.1.7) lib/rails/engine.rb:514:in `call'
  railties (4.1.7) lib/rails/application.rb:144:in `call'
  rack (1.5.2) lib/rack/lock.rb:17:in `call'
  rack (1.5.2) lib/rack/content_length.rb:14:in `call'
  rack (1.5.2) lib/rack/handler/webrick.rb:60:in `service'
  /Users/jimi/.rbenv/versions/2.1.2/lib/ruby/2.1.0/webrick/httpserver.rb:138:in `service'
  /Users/jimi/.rbenv/versions/2.1.2/lib/ruby/2.1.0/webrick/httpserver.rb:94:in `run'
  /Users/jimi/.rbenv/versions/2.1.2/lib/ruby/2.1.0/webrick/server.rb:295:in `block in start_thread'


  Rendered /Users/jimi/.rbenv/versions/2.1.2/lib/ruby/gems/2.1.0/gems/actionpack-4.1.7/lib/action_dispatch/middleware/templates/rescues/_trace.html.erb (1.6ms)
  Rendered /Users/jimi/.rbenv/versions/2.1.2/lib/ruby/gems/2.1.0/gems/actionpack-4.1.7/lib/action_dispatch/middleware/templates/routes/_route.html.erb (1.3ms)
  Rendered /Users/jimi/.rbenv/versions/2.1.2/lib/ruby/gems/2.1.0/gems/actionpack-4.1.7/lib/action_dispatch/middleware/templates/routes/_table.html.erb (1.4ms)
  Rendered /Users/jimi/.rbenv/versions/2.1.2/lib/ruby/gems/2.1.0/gems/actionpack-4.1.7/lib/action_dispatch/middleware/templates/rescues/routing_error.html.erb within rescues/layout (25.8ms)


Started GET "/" for 127.0.0.1 at 2015-02-15 13:43:10 -0800
Processing by MainController#scrobbler as HTML
  Rendered main/scrobbler.html.erb within layouts/application (0.1ms)
Completed 200 OK in 96ms (Views: 95.1ms | ActiveRecord: 0.0ms)


Started GET "/app/assets/images/logo.png" for 127.0.0.1 at 2015-02-15 13:43:10 -0800

ActionController::RoutingError (No route matches [GET] "/app/assets/images/logo.png"):
  actionpack (4.1.7) lib/action_dispatch/middleware/debug_exceptions.rb:21:in `call'
  actionpack (4.1.7) lib/action_dispatch/middleware/show_exceptions.rb:30:in `call'
  railties (4.1.7) lib/rails/rack/logger.rb:38:in `call_app'
  railties (4.1.7) lib/rails/rack/logger.rb:20:in `block in call'
  activesupport (4.1.7) lib/active_support/tagged_logging.rb:68:in `block in tagged'
  activesupport (4.1.7) lib/active_support/tagged_logging.rb:26:in `tagged'
  activesupport (4.1.7) lib/active_support/tagged_logging.rb:68:in `tagged'
  railties (4.1.7) lib/rails/rack/logger.rb:20:in `call'
  actionpack (4.1.7) lib/action_dispatch/middleware/request_id.rb:21:in `call'
  rack (1.5.2) lib/rack/methodoverride.rb:21:in `call'
  rack (1.5.2) lib/rack/runtime.rb:17:in `call'
  activesupport (4.1.7) lib/active_support/cache/strategy/local_cache_middleware.rb:26:in `call'
  rack (1.5.2) lib/rack/lock.rb:17:in `call'
  actionpack (4.1.7) lib/action_dispatch/middleware/static.rb:84:in `call'
  rack (1.5.2) lib/rack/sendfile.rb:112:in `call'
  railties (4.1.7) lib/rails/engine.rb:514:in `call'
  railties (4.1.7) lib/rails/application.rb:144:in `call'
  rack (1.5.2) lib/rack/lock.rb:17:in `call'
  rack (1.5.2) lib/rack/content_length.rb:14:in `call'
  rack (1.5.2) lib/rack/handler/webrick.rb:60:in `service'
  /Users/jimi/.rbenv/versions/2.1.2/lib/ruby/2.1.0/webrick/httpserver.rb:138:in `service'
  /Users/jimi/.rbenv/versions/2.1.2/lib/ruby/2.1.0/webrick/httpserver.rb:94:in `run'
  /Users/jimi/.rbenv/versions/2.1.2/lib/ruby/2.1.0/webrick/server.rb:295:in `block in start_thread'


  Rendered /Users/jimi/.rbenv/versions/2.1.2/lib/ruby/gems/2.1.0/gems/actionpack-4.1.7/lib/action_dispatch/middleware/templates/rescues/_trace.html.erb (2.0ms)
  Rendered /Users/jimi/.rbenv/versions/2.1.2/lib/ruby/gems/2.1.0/gems/actionpack-4.1.7/lib/action_dispatch/middleware/templates/routes/_route.html.erb (1.5ms)
  Rendered /Users/jimi/.rbenv/versions/2.1.2/lib/ruby/gems/2.1.0/gems/actionpack-4.1.7/lib/action_dispatch/middleware/templates/routes/_table.html.erb (2.2ms)
  Rendered /Users/jimi/.rbenv/versions/2.1.2/lib/ruby/gems/2.1.0/gems/actionpack-4.1.7/lib/action_dispatch/middleware/templates/rescues/routing_error.html.erb within rescues/layout (28.6ms)


Started GET "/assets/main.js?body=1" for 127.0.0.1 at 2015-02-15 13:43:10 -0800


Started GET "/assets/main.css?body=1" for 127.0.0.1 at 2015-02-15 13:43:10 -0800


Started GET "/app/assets/images/logo.png" for 127.0.0.1 at 2015-02-15 13:43:10 -0800

ActionController::RoutingError (No route matches [GET] "/app/assets/images/logo.png"):
  actionpack (4.1.7) lib/action_dispatch/middleware/debug_exceptions.rb:21:in `call'
  actionpack (4.1.7) lib/action_dispatch/middleware/show_exceptions.rb:30:in `call'
  railties (4.1.7) lib/rails/rack/logger.rb:38:in `call_app'
  railties (4.1.7) lib/rails/rack/logger.rb:20:in `block in call'
  activesupport (4.1.7) lib/active_support/tagged_logging.rb:68:in `block in tagged'
  activesupport (4.1.7) lib/active_support/tagged_logging.rb:26:in `tagged'
  activesupport (4.1.7) lib/active_support/tagged_logging.rb:68:in `tagged'
  railties (4.1.7) lib/rails/rack/logger.rb:20:in `call'
  actionpack (4.1.7) lib/action_dispatch/middleware/request_id.rb:21:in `call'
  rack (1.5.2) lib/rack/methodoverride.rb:21:in `call'
  rack (1.5.2) lib/rack/runtime.rb:17:in `call'
  activesupport (4.1.7) lib/active_support/cache/strategy/local_cache_middleware.rb:26:in `call'
  rack (1.5.2) lib/rack/lock.rb:17:in `call'
  actionpack (4.1.7) lib/action_dispatch/middleware/static.rb:84:in `call'
  rack (1.5.2) lib/rack/sendfile.rb:112:in `call'
  railties (4.1.7) lib/rails/engine.rb:514:in `call'
  railties (4.1.7) lib/rails/application.rb:144:in `call'
  rack (1.5.2) lib/rack/lock.rb:17:in `call'
  rack (1.5.2) lib/rack/content_length.rb:14:in `call'
  rack (1.5.2) lib/rack/handler/webrick.rb:60:in `service'
  /Users/jimi/.rbenv/versions/2.1.2/lib/ruby/2.1.0/webrick/httpserver.rb:138:in `service'
  /Users/jimi/.rbenv/versions/2.1.2/lib/ruby/2.1.0/webrick/httpserver.rb:94:in `run'
  /Users/jimi/.rbenv/versions/2.1.2/lib/ruby/2.1.0/webrick/server.rb:295:in `block in start_thread'


  Rendered /Users/jimi/.rbenv/versions/2.1.2/lib/ruby/gems/2.1.0/gems/actionpack-4.1.7/lib/action_dispatch/middleware/templates/rescues/_trace.html.erb (1.8ms)
  Rendered /Users/jimi/.rbenv/versions/2.1.2/lib/ruby/gems/2.1.0/gems/actionpack-4.1.7/lib/action_dispatch/middleware/templates/routes/_route.html.erb (1.8ms)
  Rendered /Users/jimi/.rbenv/versions/2.1.2/lib/ruby/gems/2.1.0/gems/actionpack-4.1.7/lib/action_dispatch/middleware/templates/routes/_table.html.erb (1.9ms)
  Rendered /Users/jimi/.rbenv/versions/2.1.2/lib/ruby/gems/2.1.0/gems/actionpack-4.1.7/lib/action_dispatch/middleware/templates/rescues/routing_error.html.erb within rescues/layout (39.4ms)


Started GET "/" for 127.0.0.1 at 2015-02-15 13:44:51 -0800
Processing by MainController#scrobbler as HTML
  Rendered main/scrobbler.html.erb within layouts/application (0.1ms)
Completed 200 OK in 55ms (Views: 54.5ms | ActiveRecord: 0.0ms)


Started GET "/assets/main.js?body=1" for 127.0.0.1 at 2015-02-15 13:44:51 -0800


Started GET "/assets/images/logo.png" for 127.0.0.1 at 2015-02-15 13:44:51 -0800

ActionController::RoutingError (No route matches [GET] "/images/logo.png"):
  actionpack (4.1.7) lib/action_dispatch/middleware/debug_exceptions.rb:21:in `call'
  actionpack (4.1.7) lib/action_dispatch/middleware/show_exceptions.rb:30:in `call'
  railties (4.1.7) lib/rails/rack/logger.rb:38:in `call_app'
  railties (4.1.7) lib/rails/rack/logger.rb:20:in `block in call'
  activesupport (4.1.7) lib/active_support/tagged_logging.rb:68:in `block in tagged'
  activesupport (4.1.7) lib/active_support/tagged_logging.rb:26:in `tagged'
  activesupport (4.1.7) lib/active_support/tagged_logging.rb:68:in `tagged'
  railties (4.1.7) lib/rails/rack/logger.rb:20:in `call'
  actionpack (4.1.7) lib/action_dispatch/middleware/request_id.rb:21:in `call'
  rack (1.5.2) lib/rack/methodoverride.rb:21:in `call'
  rack (1.5.2) lib/rack/runtime.rb:17:in `call'
  activesupport (4.1.7) lib/active_support/cache/strategy/local_cache_middleware.rb:26:in `call'
  rack (1.5.2) lib/rack/lock.rb:17:in `call'
  actionpack (4.1.7) lib/action_dispatch/middleware/static.rb:84:in `call'
  rack (1.5.2) lib/rack/sendfile.rb:112:in `call'
  railties (4.1.7) lib/rails/engine.rb:514:in `call'
  railties (4.1.7) lib/rails/application.rb:144:in `call'
  rack (1.5.2) lib/rack/lock.rb:17:in `call'
  rack (1.5.2) lib/rack/content_length.rb:14:in `call'
  rack (1.5.2) lib/rack/handler/webrick.rb:60:in `service'
  /Users/jimi/.rbenv/versions/2.1.2/lib/ruby/2.1.0/webrick/httpserver.rb:138:in `service'
  /Users/jimi/.rbenv/versions/2.1.2/lib/ruby/2.1.0/webrick/httpserver.rb:94:in `run'
  /Users/jimi/.rbenv/versions/2.1.2/lib/ruby/2.1.0/webrick/server.rb:295:in `block in start_thread'


  Rendered /Users/jimi/.rbenv/versions/2.1.2/lib/ruby/gems/2.1.0/gems/actionpack-4.1.7/lib/action_dispatch/middleware/templates/rescues/_trace.html.erb (1.6ms)
  Rendered /Users/jimi/.rbenv/versions/2.1.2/lib/ruby/gems/2.1.0/gems/actionpack-4.1.7/lib/action_dispatch/middleware/templates/routes/_route.html.erb (1.3ms)
  Rendered /Users/jimi/.rbenv/versions/2.1.2/lib/ruby/gems/2.1.0/gems/actionpack-4.1.7/lib/action_dispatch/middleware/templates/routes/_table.html.erb (1.7ms)
  Rendered /Users/jimi/.rbenv/versions/2.1.2/lib/ruby/gems/2.1.0/gems/actionpack-4.1.7/lib/action_dispatch/middleware/templates/rescues/routing_error.html.erb within rescues/layout (26.0ms)


Started GET "/assets/main.css?body=1" for 127.0.0.1 at 2015-02-15 13:44:51 -0800


Started GET "/assets/images/logo.png" for 127.0.0.1 at 2015-02-15 13:44:51 -0800

ActionController::RoutingError (No route matches [GET] "/images/logo.png"):
  actionpack (4.1.7) lib/action_dispatch/middleware/debug_exceptions.rb:21:in `call'
  actionpack (4.1.7) lib/action_dispatch/middleware/show_exceptions.rb:30:in `call'
  railties (4.1.7) lib/rails/rack/logger.rb:38:in `call_app'
  railties (4.1.7) lib/rails/rack/logger.rb:20:in `block in call'
  activesupport (4.1.7) lib/active_support/tagged_logging.rb:68:in `block in tagged'
  activesupport (4.1.7) lib/active_support/tagged_logging.rb:26:in `tagged'
  activesupport (4.1.7) lib/active_support/tagged_logging.rb:68:in `tagged'
  railties (4.1.7) lib/rails/rack/logger.rb:20:in `call'
  actionpack (4.1.7) lib/action_dispatch/middleware/request_id.rb:21:in `call'
  rack (1.5.2) lib/rack/methodoverride.rb:21:in `call'
  rack (1.5.2) lib/rack/runtime.rb:17:in `call'
  activesupport (4.1.7) lib/active_support/cache/strategy/local_cache_middleware.rb:26:in `call'
  rack (1.5.2) lib/rack/lock.rb:17:in `call'
  actionpack (4.1.7) lib/action_dispatch/middleware/static.rb:84:in `call'
  rack (1.5.2) lib/rack/sendfile.rb:112:in `call'
  railties (4.1.7) lib/rails/engine.rb:514:in `call'
  railties (4.1.7) lib/rails/application.rb:144:in `call'
  rack (1.5.2) lib/rack/lock.rb:17:in `call'
  rack (1.5.2) lib/rack/content_length.rb:14:in `call'
  rack (1.5.2) lib/rack/handler/webrick.rb:60:in `service'
  /Users/jimi/.rbenv/versions/2.1.2/lib/ruby/2.1.0/webrick/httpserver.rb:138:in `service'
  /Users/jimi/.rbenv/versions/2.1.2/lib/ruby/2.1.0/webrick/httpserver.rb:94:in `run'
  /Users/jimi/.rbenv/versions/2.1.2/lib/ruby/2.1.0/webrick/server.rb:295:in `block in start_thread'


  Rendered /Users/jimi/.rbenv/versions/2.1.2/lib/ruby/gems/2.1.0/gems/actionpack-4.1.7/lib/action_dispatch/middleware/templates/rescues/_trace.html.erb (1.8ms)
  Rendered /Users/jimi/.rbenv/versions/2.1.2/lib/ruby/gems/2.1.0/gems/actionpack-4.1.7/lib/action_dispatch/middleware/templates/routes/_route.html.erb (0.8ms)
  Rendered /Users/jimi/.rbenv/versions/2.1.2/lib/ruby/gems/2.1.0/gems/actionpack-4.1.7/lib/action_dispatch/middleware/templates/routes/_table.html.erb (1.1ms)
  Rendered /Users/jimi/.rbenv/versions/2.1.2/lib/ruby/gems/2.1.0/gems/actionpack-4.1.7/lib/action_dispatch/middleware/templates/rescues/routing_error.html.erb within rescues/layout (23.4ms)


Started GET "/" for 127.0.0.1 at 2015-02-15 13:45:27 -0800
Processing by MainController#scrobbler as HTML
  Rendered main/scrobbler.html.erb within layouts/application (0.1ms)
Completed 200 OK in 57ms (Views: 56.3ms | ActiveRecord: 0.0ms)


Started GET "/assets/main.css?body=1" for 127.0.0.1 at 2015-02-15 13:45:27 -0800


Started GET "/assets/style.css?body=1" for 127.0.0.1 at 2015-02-15 13:45:27 -0800


Started GET "/assets/main.js?body=1" for 127.0.0.1 at 2015-02-15 13:45:27 -0800


Started GET "/app/assets/images/logo.png" for 127.0.0.1 at 2015-02-15 13:45:27 -0800

ActionController::RoutingError (No route matches [GET] "/app/assets/images/logo.png"):
  actionpack (4.1.7) lib/action_dispatch/middleware/debug_exceptions.rb:21:in `call'
  actionpack (4.1.7) lib/action_dispatch/middleware/show_exceptions.rb:30:in `call'
  railties (4.1.7) lib/rails/rack/logger.rb:38:in `call_app'
  railties (4.1.7) lib/rails/rack/logger.rb:20:in `block in call'
  activesupport (4.1.7) lib/active_support/tagged_logging.rb:68:in `block in tagged'
  activesupport (4.1.7) lib/active_support/tagged_logging.rb:26:in `tagged'
  activesupport (4.1.7) lib/active_support/tagged_logging.rb:68:in `tagged'
  railties (4.1.7) lib/rails/rack/logger.rb:20:in `call'
  actionpack (4.1.7) lib/action_dispatch/middleware/request_id.rb:21:in `call'
  rack (1.5.2) lib/rack/methodoverride.rb:21:in `call'
  rack (1.5.2) lib/rack/runtime.rb:17:in `call'
  activesupport (4.1.7) lib/active_support/cache/strategy/local_cache_middleware.rb:26:in `call'
  rack (1.5.2) lib/rack/lock.rb:17:in `call'
  actionpack (4.1.7) lib/action_dispatch/middleware/static.rb:84:in `call'
  rack (1.5.2) lib/rack/sendfile.rb:112:in `call'
  railties (4.1.7) lib/rails/engine.rb:514:in `call'
  railties (4.1.7) lib/rails/application.rb:144:in `call'
  rack (1.5.2) lib/rack/lock.rb:17:in `call'
  rack (1.5.2) lib/rack/content_length.rb:14:in `call'
  rack (1.5.2) lib/rack/handler/webrick.rb:60:in `service'
  /Users/jimi/.rbenv/versions/2.1.2/lib/ruby/2.1.0/webrick/httpserver.rb:138:in `service'
  /Users/jimi/.rbenv/versions/2.1.2/lib/ruby/2.1.0/webrick/httpserver.rb:94:in `run'
  /Users/jimi/.rbenv/versions/2.1.2/lib/ruby/2.1.0/webrick/server.rb:295:in `block in start_thread'


  Rendered /Users/jimi/.rbenv/versions/2.1.2/lib/ruby/gems/2.1.0/gems/actionpack-4.1.7/lib/action_dispatch/middleware/templates/rescues/_trace.html.erb (1.3ms)
  Rendered /Users/jimi/.rbenv/versions/2.1.2/lib/ruby/gems/2.1.0/gems/actionpack-4.1.7/lib/action_dispatch/middleware/templates/routes/_route.html.erb (0.8ms)
  Rendered /Users/jimi/.rbenv/versions/2.1.2/lib/ruby/gems/2.1.0/gems/actionpack-4.1.7/lib/action_dispatch/middleware/templates/routes/_table.html.erb (1.2ms)
  Rendered /Users/jimi/.rbenv/versions/2.1.2/lib/ruby/gems/2.1.0/gems/actionpack-4.1.7/lib/action_dispatch/middleware/templates/rescues/routing_error.html.erb within rescues/layout (17.3ms)


Started GET "/assets/main.css?body=1" for 127.0.0.1 at 2015-02-15 13:46:45 -0800


Started GET "/assets/style.css?body=1" for 127.0.0.1 at 2015-02-15 13:46:45 -0800


Started GET "/assets/application.css?body=1" for 127.0.0.1 at 2015-02-15 13:46:45 -0800


Started GET "/" for 127.0.0.1 at 2015-02-15 13:55:37 -0800
Processing by MainController#scrobbler as HTML
  Rendered main/scrobbler.html.erb within layouts/application (1.2ms)
Completed 200 OK in 133ms (Views: 121.1ms | ActiveRecord: 0.0ms)


Started GET "/assets/main.css?body=1" for 127.0.0.1 at 2015-02-15 13:55:37 -0800


Started GET "/assets/application.js?body=1" for 127.0.0.1 at 2015-02-15 13:55:37 -0800


Started GET "/assets/application.css?body=1" for 127.0.0.1 at 2015-02-15 13:55:37 -0800


Started GET "/assets/main.js?body=1" for 127.0.0.1 at 2015-02-15 13:55:37 -0800


Started GET "/assets/style.css?body=1" for 127.0.0.1 at 2015-02-15 13:55:37 -0800


Started GET "/" for 127.0.0.1 at 2015-02-15 13:56:06 -0800
Processing by MainController#scrobbler as HTML
  Rendered main/scrobbler.html.erb within layouts/application (0.1ms)
Completed 200 OK in 130ms (Views: 128.4ms | ActiveRecord: 0.0ms)


Started GET "/assets/main.css?body=1" for 127.0.0.1 at 2015-02-15 13:56:06 -0800


Started GET "/assets/application.css?body=1" for 127.0.0.1 at 2015-02-15 13:56:07 -0800


Started GET "/assets/application.js?body=1" for 127.0.0.1 at 2015-02-15 13:56:07 -0800


Started GET "/assets/main.js?body=1" for 127.0.0.1 at 2015-02-15 13:56:07 -0800


Started GET "/assets/style.css?body=1" for 127.0.0.1 at 2015-02-15 13:56:07 -0800


Started GET "/assets/images/vinyl2.jpg" for 127.0.0.1 at 2015-02-15 13:56:07 -0800

ActionController::RoutingError (No route matches [GET] "/images/vinyl2.jpg"):
  actionpack (4.1.7) lib/action_dispatch/middleware/debug_exceptions.rb:21:in `call'
  actionpack (4.1.7) lib/action_dispatch/middleware/show_exceptions.rb:30:in `call'
  railties (4.1.7) lib/rails/rack/logger.rb:38:in `call_app'
  railties (4.1.7) lib/rails/rack/logger.rb:20:in `block in call'
  activesupport (4.1.7) lib/active_support/tagged_logging.rb:68:in `block in tagged'
  activesupport (4.1.7) lib/active_support/tagged_logging.rb:26:in `tagged'
  activesupport (4.1.7) lib/active_support/tagged_logging.rb:68:in `tagged'
  railties (4.1.7) lib/rails/rack/logger.rb:20:in `call'
  actionpack (4.1.7) lib/action_dispatch/middleware/request_id.rb:21:in `call'
  rack (1.5.2) lib/rack/methodoverride.rb:21:in `call'
  rack (1.5.2) lib/rack/runtime.rb:17:in `call'
  activesupport (4.1.7) lib/active_support/cache/strategy/local_cache_middleware.rb:26:in `call'
  rack (1.5.2) lib/rack/lock.rb:17:in `call'
  actionpack (4.1.7) lib/action_dispatch/middleware/static.rb:84:in `call'
  rack (1.5.2) lib/rack/sendfile.rb:112:in `call'
  railties (4.1.7) lib/rails/engine.rb:514:in `call'
  railties (4.1.7) lib/rails/application.rb:144:in `call'
  rack (1.5.2) lib/rack/lock.rb:17:in `call'
  rack (1.5.2) lib/rack/content_length.rb:14:in `call'
  rack (1.5.2) lib/rack/handler/webrick.rb:60:in `service'
  /Users/jimi/.rbenv/versions/2.1.2/lib/ruby/2.1.0/webrick/httpserver.rb:138:in `service'
  /Users/jimi/.rbenv/versions/2.1.2/lib/ruby/2.1.0/webrick/httpserver.rb:94:in `run'
  /Users/jimi/.rbenv/versions/2.1.2/lib/ruby/2.1.0/webrick/server.rb:295:in `block in start_thread'


  Rendered /Users/jimi/.rbenv/versions/2.1.2/lib/ruby/gems/2.1.0/gems/actionpack-4.1.7/lib/action_dispatch/middleware/templates/rescues/_trace.html.erb (2.0ms)
  Rendered /Users/jimi/.rbenv/versions/2.1.2/lib/ruby/gems/2.1.0/gems/actionpack-4.1.7/lib/action_dispatch/middleware/templates/routes/_route.html.erb (1.0ms)
  Rendered /Users/jimi/.rbenv/versions/2.1.2/lib/ruby/gems/2.1.0/gems/actionpack-4.1.7/lib/action_dispatch/middleware/templates/routes/_table.html.erb (3.9ms)
  Rendered /Users/jimi/.rbenv/versions/2.1.2/lib/ruby/gems/2.1.0/gems/actionpack-4.1.7/lib/action_dispatch/middleware/templates/rescues/routing_error.html.erb within rescues/layout (41.5ms)


Started GET "/" for 127.0.0.1 at 2015-02-15 13:56:21 -0800
Processing by MainController#scrobbler as HTML
  Rendered main/scrobbler.html.erb within layouts/application (0.1ms)
Completed 200 OK in 66ms (Views: 65.6ms | ActiveRecord: 0.0ms)


Started GET "/assets/main.css?body=1" for 127.0.0.1 at 2015-02-15 13:56:21 -0800


Started GET "/assets/application.css?body=1" for 127.0.0.1 at 2015-02-15 13:56:21 -0800


Started GET "/assets/style.css?body=1" for 127.0.0.1 at 2015-02-15 13:56:21 -0800


Started GET "/assets/application.js?body=1" for 127.0.0.1 at 2015-02-15 13:56:21 -0800


Started GET "/assets/main.js?body=1" for 127.0.0.1 at 2015-02-15 13:56:21 -0800


Started GET "/assets/images/background.jpg" for 127.0.0.1 at 2015-02-15 13:56:21 -0800

ActionController::RoutingError (No route matches [GET] "/images/background.jpg"):
  actionpack (4.1.7) lib/action_dispatch/middleware/debug_exceptions.rb:21:in `call'
  actionpack (4.1.7) lib/action_dispatch/middleware/show_exceptions.rb:30:in `call'
  railties (4.1.7) lib/rails/rack/logger.rb:38:in `call_app'
  railties (4.1.7) lib/rails/rack/logger.rb:20:in `block in call'
  activesupport (4.1.7) lib/active_support/tagged_logging.rb:68:in `block in tagged'
  activesupport (4.1.7) lib/active_support/tagged_logging.rb:26:in `tagged'
  activesupport (4.1.7) lib/active_support/tagged_logging.rb:68:in `tagged'
  railties (4.1.7) lib/rails/rack/logger.rb:20:in `call'
  actionpack (4.1.7) lib/action_dispatch/middleware/request_id.rb:21:in `call'
  rack (1.5.2) lib/rack/methodoverride.rb:21:in `call'
  rack (1.5.2) lib/rack/runtime.rb:17:in `call'
  activesupport (4.1.7) lib/active_support/cache/strategy/local_cache_middleware.rb:26:in `call'
  rack (1.5.2) lib/rack/lock.rb:17:in `call'
  actionpack (4.1.7) lib/action_dispatch/middleware/static.rb:84:in `call'
  rack (1.5.2) lib/rack/sendfile.rb:112:in `call'
  railties (4.1.7) lib/rails/engine.rb:514:in `call'
  railties (4.1.7) lib/rails/application.rb:144:in `call'
  rack (1.5.2) lib/rack/lock.rb:17:in `call'
  rack (1.5.2) lib/rack/content_length.rb:14:in `call'
  rack (1.5.2) lib/rack/handler/webrick.rb:60:in `service'
  /Users/jimi/.rbenv/versions/2.1.2/lib/ruby/2.1.0/webrick/httpserver.rb:138:in `service'
  /Users/jimi/.rbenv/versions/2.1.2/lib/ruby/2.1.0/webrick/httpserver.rb:94:in `run'
  /Users/jimi/.rbenv/versions/2.1.2/lib/ruby/2.1.0/webrick/server.rb:295:in `block in start_thread'


  Rendered /Users/jimi/.rbenv/versions/2.1.2/lib/ruby/gems/2.1.0/gems/actionpack-4.1.7/lib/action_dispatch/middleware/templates/rescues/_trace.html.erb (1.6ms)
  Rendered /Users/jimi/.rbenv/versions/2.1.2/lib/ruby/gems/2.1.0/gems/actionpack-4.1.7/lib/action_dispatch/middleware/templates/routes/_route.html.erb (1.4ms)
  Rendered /Users/jimi/.rbenv/versions/2.1.2/lib/ruby/gems/2.1.0/gems/actionpack-4.1.7/lib/action_dispatch/middleware/templates/routes/_table.html.erb (1.9ms)
  Rendered /Users/jimi/.rbenv/versions/2.1.2/lib/ruby/gems/2.1.0/gems/actionpack-4.1.7/lib/action_dispatch/middleware/templates/rescues/routing_error.html.erb within rescues/layout (22.8ms)


Started GET "/" for 127.0.0.1 at 2015-02-15 13:58:32 -0800
Processing by MainController#scrobbler as HTML
  Rendered main/scrobbler.html.erb within layouts/application (0.8ms)
Completed 200 OK in 240ms (Views: 233.8ms | ActiveRecord: 0.0ms)


Started GET "/assets/style.css?body=1" for 127.0.0.1 at 2015-02-15 13:58:32 -0800


Started GET "/assets/application.css?body=1" for 127.0.0.1 at 2015-02-15 13:58:32 -0800


Started GET "/assets/jquery_ujs.js?body=1" for 127.0.0.1 at 2015-02-15 13:58:32 -0800


Started GET "/assets/turbolinks.js?body=1" for 127.0.0.1 at 2015-02-15 13:58:32 -0800


Started GET "/assets/main.js?body=1" for 127.0.0.1 at 2015-02-15 13:58:32 -0800


Started GET "/assets/main.css?body=1" for 127.0.0.1 at 2015-02-15 13:58:32 -0800


Started GET "/assets/jquery.js?body=1" for 127.0.0.1 at 2015-02-15 13:58:32 -0800


Started GET "/assets/application.js?body=1" for 127.0.0.1 at 2015-02-15 13:58:32 -0800


Started GET "/assets/main.css?body=1" for 127.0.0.1 at 2015-02-15 13:58:39 -0800


Started GET "/assets/style.css?body=1" for 127.0.0.1 at 2015-02-15 13:58:39 -0800


Started GET "/assets/application.css?body=1" for 127.0.0.1 at 2015-02-15 13:58:39 -0800


Started GET "/" for 127.0.0.1 at 2015-02-15 13:59:04 -0800
Processing by MainController#scrobbler as HTML
  Rendered main/scrobbler.html.erb within layouts/application (0.1ms)
Completed 200 OK in 86ms (Views: 84.7ms | ActiveRecord: 0.0ms)


Started GET "/assets/main.css?body=1" for 127.0.0.1 at 2015-02-15 13:59:04 -0800


Started GET "/assets/style.css?body=1" for 127.0.0.1 at 2015-02-15 13:59:04 -0800


Started GET "/assets/jquery_ujs.js?body=1" for 127.0.0.1 at 2015-02-15 13:59:04 -0800


Started GET "/assets/application.css?body=1" for 127.0.0.1 at 2015-02-15 13:59:04 -0800


Started GET "/assets/jquery.js?body=1" for 127.0.0.1 at 2015-02-15 13:59:04 -0800


Started GET "/assets/turbolinks.js?body=1" for 127.0.0.1 at 2015-02-15 13:59:04 -0800


Started GET "/assets/main.js?body=1" for 127.0.0.1 at 2015-02-15 13:59:04 -0800


Started GET "/assets/application.js?body=1" for 127.0.0.1 at 2015-02-15 13:59:04 -0800


Started GET "/assets/background.jpg" for 127.0.0.1 at 2015-02-15 13:59:04 -0800


Started GET "/" for 127.0.0.1 at 2015-02-15 13:59:43 -0800
Processing by MainController#scrobbler as HTML
  Rendered main/scrobbler.html.erb within layouts/application (0.1ms)
Completed 200 OK in 58ms (Views: 57.6ms | ActiveRecord: 0.0ms)


Started GET "/assets/main.css?body=1" for 127.0.0.1 at 2015-02-15 13:59:43 -0800


Started GET "/assets/style.css?body=1" for 127.0.0.1 at 2015-02-15 13:59:43 -0800


Started GET "/assets/turbolinks.js?body=1" for 127.0.0.1 at 2015-02-15 13:59:43 -0800


Started GET "/assets/application.css?body=1" for 127.0.0.1 at 2015-02-15 13:59:43 -0800


Started GET "/assets/jquery_ujs.js?body=1" for 127.0.0.1 at 2015-02-15 13:59:43 -0800


Started GET "/assets/jquery.js?body=1" for 127.0.0.1 at 2015-02-15 13:59:43 -0800


Started GET "/assets/main.js?body=1" for 127.0.0.1 at 2015-02-15 13:59:43 -0800


Started GET "/assets/application.js?body=1" for 127.0.0.1 at 2015-02-15 13:59:43 -0800


Started GET "/" for 127.0.0.1 at 2015-02-15 14:02:39 -0800
Processing by MainController#scrobbler as HTML
  Rendered main/scrobbler.html.erb within layouts/application (0.1ms)
Completed 200 OK in 56ms (Views: 55.1ms | ActiveRecord: 0.0ms)


Started GET "/assets/main.css?body=1" for 127.0.0.1 at 2015-02-15 14:02:39 -0800


Started GET "/assets/application.css?body=1" for 127.0.0.1 at 2015-02-15 14:02:39 -0800


Started GET "/assets/style.css?body=1" for 127.0.0.1 at 2015-02-15 14:02:39 -0800


Started GET "/assets/jquery_ujs.js?body=1" for 127.0.0.1 at 2015-02-15 14:02:39 -0800


Started GET "/assets/jquery.js?body=1" for 127.0.0.1 at 2015-02-15 14:02:39 -0800


Started GET "/assets/main.js?body=1" for 127.0.0.1 at 2015-02-15 14:02:39 -0800


Started GET "/assets/turbolinks.js?body=1" for 127.0.0.1 at 2015-02-15 14:02:39 -0800


Started GET "/assets/application.js?body=1" for 127.0.0.1 at 2015-02-15 14:02:39 -0800


Started GET "/" for 127.0.0.1 at 2015-02-15 14:05:13 -0800
Processing by MainController#scrobbler as HTML
  Rendered main/scrobbler.html.erb within layouts/application (0.1ms)
Completed 200 OK in 134ms (Views: 131.6ms | ActiveRecord: 0.0ms)


Started GET "/assets/style.css?body=1" for 127.0.0.1 at 2015-02-15 14:05:13 -0800


Started GET "/assets/application.css?body=1" for 127.0.0.1 at 2015-02-15 14:05:13 -0800


Started GET "/assets/jquery.js?body=1" for 127.0.0.1 at 2015-02-15 14:05:13 -0800


Started GET "/assets/main.css?body=1" for 127.0.0.1 at 2015-02-15 14:05:13 -0800


Started GET "/assets/jquery_ujs.js?body=1" for 127.0.0.1 at 2015-02-15 14:05:13 -0800


Started GET "/assets/turbolinks.js?body=1" for 127.0.0.1 at 2015-02-15 14:05:13 -0800


Started GET "/assets/main.js?body=1" for 127.0.0.1 at 2015-02-15 14:05:13 -0800


Started GET "/assets/application.js?body=1" for 127.0.0.1 at 2015-02-15 14:05:13 -0800
